<?xml version="1.0" encoding="UTF-8"?>
<testsuite xmlns:xsi="http://www.w3.org/2001/XMLSchema-instance" xsi:noNamespaceSchemaLocation="https://maven.apache.org/surefire/maven-surefire-plugin/xsd/surefire-test-report-3.0.xsd" version="3.0" name="com.example.bankcards.controller.TransferControllerTest" time="2.101" tests="1" errors="0" skipped="0" failures="0">
  <properties>
[...]
</properties>
  <testcase name="transferBetweenMyCards" classname="com.example.bankcards.controller.TransferControllerTest" time="0.019">
    <system-out><![CDATA[2025-09-14T12:14:22.734+03:00  INFO 3944 --- [Bank_REST] [           main] t.c.s.AnnotationConfigContextLoaderUtils : Could not detect default configuration classes for test class [com.example.bankcards.controller.TransferControllerTest]: TransferControllerTest does not declare any static, non-private, non-final, nested classes annotated with @Configuration.
2025-09-14T12:14:22.739+03:00  INFO 3944 --- [Bank_REST] [           main] .b.t.c.SpringBootTestContextBootstrapper : Found @SpringBootConfiguration com.example.bankcards.BankApplication for test class com.example.bankcards.controller.TransferControllerTest

  .   ____          _            __ _ _
 /\\ / ___'_ __ _ _(_)_ __  __ _ \ \ \ \
( ( )\___ | '_ | '_| | '_ \/ _` | \ \ \ \
 \\/  ___)| |_)| | | | | || (_| |  ) ) ) )
  '  |____| .__|_| |_|_| |_\__, | / / / /
 =========|_|==============|___/=/_/_/_/

 :: Spring Boot ::                (v3.5.4)

2025-09-14T12:14:22.772+03:00  INFO 3944 --- [Bank_REST] [           main] c.e.b.controller.TransferControllerTest  : Starting TransferControllerTest using Java 17.0.14 with PID 3944 (started by Ришат in C:\Users\Ришат\Desktop\Otus\Тетстовое\Bank_REST)
2025-09-14T12:14:22.772+03:00  INFO 3944 --- [Bank_REST] [           main] c.e.b.controller.TransferControllerTest  : The following 1 profile is active: "dev"
2025-09-14T12:14:23.060+03:00  INFO 3944 --- [Bank_REST] [           main] .s.d.r.c.RepositoryConfigurationDelegate : Bootstrapping Spring Data JPA repositories in DEFAULT mode.
2025-09-14T12:14:23.088+03:00  INFO 3944 --- [Bank_REST] [           main] .s.d.r.c.RepositoryConfigurationDelegate : Finished Spring Data repository scanning in 27 ms. Found 3 JPA repository interfaces.
2025-09-14T12:14:23.414+03:00  INFO 3944 --- [Bank_REST] [           main] liquibase.database                       : Set default schema name to public
2025-09-14T12:14:23.419+03:00  INFO 3944 --- [Bank_REST] [           main] liquibase.ui                             : INFO: The drop-all command may result in unrecoverable destructive changes to objects at 'jdbc:postgresql://localhost:5432/postgres'.
To protect against unwanted drops, set --requireForce=true, which will require a --force=true flag on the command.
Learn more at https://docs.liquibase.com/dropall.

2025-09-14T12:14:23.426+03:00  INFO 3944 --- [Bank_REST] [           main] liquibase.lockservice                    : Successfully acquired change log lock
2025-09-14T12:14:23.427+03:00  INFO 3944 --- [Bank_REST] [           main] liquibase.command                        : Dropping Database Objects in schema: postgres.public
2025-09-14T12:14:23.428+03:00  INFO 3944 --- [Bank_REST] [           main] liquibase.snapshot                       : Creating snapshot
2025-09-14T12:14:23.900+03:00  INFO 3944 --- [Bank_REST] [           main] liquibase.database                       : Successfully deleted all supported object types in schema postgres.public.
2025-09-14T12:14:23.903+03:00  INFO 3944 --- [Bank_REST] [           main] liquibase.snapshot                       : Creating snapshot
2025-09-14T12:14:23.906+03:00  WARN 3944 --- [Bank_REST] [           main] liquibase.lockservice                    : Failed to release change log lock
2025-09-14T12:14:23.910+03:00  INFO 3944 --- [Bank_REST] [           main] liquibase.snapshot                       : Creating snapshot
2025-09-14T12:14:23.913+03:00  INFO 3944 --- [Bank_REST] [           main] liquibase.ui                             : All objects dropped from postgres@jdbc:postgresql://localhost:5432/postgres
2025-09-14T12:14:23.913+03:00  INFO 3944 --- [Bank_REST] [           main] liquibase.command                        : Command execution complete
2025-09-14T12:14:23.920+03:00  INFO 3944 --- [Bank_REST] [           main] liquibase.snapshot                       : Creating snapshot
2025-09-14T12:14:23.941+03:00  INFO 3944 --- [Bank_REST] [           main] liquibase.lockservice                    : Successfully acquired change log lock
2025-09-14T12:14:23.943+03:00  INFO 3944 --- [Bank_REST] [           main] liquibase.changelog                      : Creating database history table with name: public.databasechangelog
2025-09-14T12:14:23.951+03:00  INFO 3944 --- [Bank_REST] [           main] liquibase.command                        : Clearing database change log checksums for database postgresql
2025-09-14T12:14:23.954+03:00  INFO 3944 --- [Bank_REST] [           main] liquibase.lockservice                    : Successfully released change log lock
2025-09-14T12:14:23.954+03:00  INFO 3944 --- [Bank_REST] [           main] liquibase.command                        : Command execution complete
2025-09-14T12:14:23.965+03:00  INFO 3944 --- [Bank_REST] [           main] liquibase.changelog                      : Reading from public.databasechangelog
2025-09-14T12:14:23.990+03:00  INFO 3944 --- [Bank_REST] [           main] liquibase.lockservice                    : Successfully acquired change log lock
2025-09-14T12:14:23.991+03:00  INFO 3944 --- [Bank_REST] [           main] liquibase.command                        : Using deploymentId: 7841257085
2025-09-14T12:14:23.992+03:00  INFO 3944 --- [Bank_REST] [           main] liquibase.changelog                      : Reading from public.databasechangelog
2025-09-14T12:14:24.001+03:00  INFO 3944 --- [Bank_REST] [           main] liquibase.ui                             : Running Changeset: db/migration/createTable/001-create-user.yaml::001-create-users-table::rishat
2025-09-14T12:14:24.025+03:00  INFO 3944 --- [Bank_REST] [           main] liquibase.changelog                      : Table users created
2025-09-14T12:14:24.031+03:00  INFO 3944 --- [Bank_REST] [           main] liquibase.changelog                      : Index idx_users_email created
2025-09-14T12:14:24.036+03:00  INFO 3944 --- [Bank_REST] [           main] liquibase.changelog                      : Index idx_users_username created
2025-09-14T12:14:24.043+03:00  INFO 3944 --- [Bank_REST] [           main] liquibase.changelog                      : Index idx_users_role created
2025-09-14T12:14:24.044+03:00  INFO 3944 --- [Bank_REST] [           main] liquibase.changelog                      : ChangeSet db/migration/createTable/001-create-user.yaml::001-create-users-table::rishat ran successfully in 42ms
2025-09-14T12:14:24.049+03:00  INFO 3944 --- [Bank_REST] [           main] liquibase.ui                             : Running Changeset: db/migration/createTable/002-create-card.yaml::002-create-cards-table::rishat
2025-09-14T12:14:24.067+03:00  INFO 3944 --- [Bank_REST] [           main] liquibase.changelog                      : Table cards created
2025-09-14T12:14:24.072+03:00  INFO 3944 --- [Bank_REST] [           main] liquibase.changelog                      : Foreign key constraint added to cards (user_id)
2025-09-14T12:14:24.077+03:00  INFO 3944 --- [Bank_REST] [           main] liquibase.changelog                      : Index idx_cards_cardNumber created
2025-09-14T12:14:24.083+03:00  INFO 3944 --- [Bank_REST] [           main] liquibase.changelog                      : Index idx_cards_user_id created
2025-09-14T12:14:24.087+03:00  INFO 3944 --- [Bank_REST] [           main] liquibase.changelog                      : Index idx_cards_status created
2025-09-14T12:14:24.093+03:00  INFO 3944 --- [Bank_REST] [           main] liquibase.changelog                      : Index idx_cards_expiryDate created
2025-09-14T12:14:24.094+03:00  INFO 3944 --- [Bank_REST] [           main] liquibase.changelog                      : ChangeSet db/migration/createTable/002-create-card.yaml::002-create-cards-table::rishat ran successfully in 45ms
2025-09-14T12:14:24.098+03:00  INFO 3944 --- [Bank_REST] [           main] liquibase.ui                             : Running Changeset: db/migration/createTable/003-create-cardBlockRequest.yaml::003-create-card-block-request::rishat
2025-09-14T12:14:24.113+03:00  INFO 3944 --- [Bank_REST] [           main] liquibase.changelog                      : Table card_block_request created
2025-09-14T12:14:24.120+03:00  INFO 3944 --- [Bank_REST] [           main] liquibase.changelog                      : Foreign key constraint added to card_block_request (card_id)
2025-09-14T12:14:24.122+03:00  INFO 3944 --- [Bank_REST] [           main] liquibase.changelog                      : Foreign key constraint added to card_block_request (user_id)
2025-09-14T12:14:24.127+03:00  INFO 3944 --- [Bank_REST] [           main] liquibase.changelog                      : Index idx_card_block_request_card_id created
2025-09-14T12:14:24.128+03:00  INFO 3944 --- [Bank_REST] [           main] liquibase.changelog                      : ChangeSet db/migration/createTable/003-create-cardBlockRequest.yaml::003-create-card-block-request::rishat ran successfully in 30ms
2025-09-14T12:14:24.132+03:00  INFO 3944 --- [Bank_REST] [           main] liquibase.ui                             : Running Changeset: db/migration/fillingData/001-insert-users.yml::insert-users::rishat
2025-09-14T12:14:24.135+03:00  INFO 3944 --- [Bank_REST] [           main] liquibase.changelog                      : New row inserted into users
2025-09-14T12:14:24.136+03:00  INFO 3944 --- [Bank_REST] [           main] liquibase.changelog                      : ChangeSet db/migration/fillingData/001-insert-users.yml::insert-users::rishat ran successfully in 4ms
2025-09-14T12:14:24.138+03:00  INFO 3944 --- [Bank_REST] [           main] liquibase.util                           : UPDATE SUMMARY
2025-09-14T12:14:24.138+03:00  INFO 3944 --- [Bank_REST] [           main] liquibase.util                           : Run:                          4
2025-09-14T12:14:24.138+03:00  INFO 3944 --- [Bank_REST] [           main] liquibase.util                           : Previously run:               0
2025-09-14T12:14:24.138+03:00  INFO 3944 --- [Bank_REST] [           main] liquibase.util                           : Filtered out:                 0
2025-09-14T12:14:24.138+03:00  INFO 3944 --- [Bank_REST] [           main] liquibase.util                           : -------------------------------
2025-09-14T12:14:24.138+03:00  INFO 3944 --- [Bank_REST] [           main] liquibase.util                           : Total change sets:            4
2025-09-14T12:14:24.138+03:00  INFO 3944 --- [Bank_REST] [           main] liquibase.util                           : Update summary generated
2025-09-14T12:14:24.138+03:00  INFO 3944 --- [Bank_REST] [           main] liquibase.command                        : Update command completed successfully.
2025-09-14T12:14:24.138+03:00  INFO 3944 --- [Bank_REST] [           main] liquibase.ui                             : Liquibase: Update has been successful. Rows affected: 5
2025-09-14T12:14:24.140+03:00  INFO 3944 --- [Bank_REST] [           main] liquibase.lockservice                    : Successfully released change log lock
2025-09-14T12:14:24.141+03:00  INFO 3944 --- [Bank_REST] [           main] liquibase.command                        : Command execution complete
2025-09-14T12:14:24.170+03:00  INFO 3944 --- [Bank_REST] [           main] o.hibernate.jpa.internal.util.LogHelper  : HHH000204: Processing PersistenceUnitInfo [name: default]
2025-09-14T12:14:24.175+03:00  INFO 3944 --- [Bank_REST] [           main] o.h.c.internal.RegionFactoryInitiator    : HHH000026: Second-level cache disabled
2025-09-14T12:14:24.189+03:00  INFO 3944 --- [Bank_REST] [           main] o.s.o.j.p.SpringPersistenceUnitInfo      : No LoadTimeWeaver setup: ignoring JPA class transformer
2025-09-14T12:14:24.192+03:00  INFO 3944 --- [Bank_REST] [           main] com.zaxxer.hikari.HikariDataSource       : HikariPool-2 - Starting...
2025-09-14T12:14:24.330+03:00  INFO 3944 --- [Bank_REST] [           main] com.zaxxer.hikari.pool.HikariPool        : HikariPool-2 - Added connection org.postgresql.jdbc.PgConnection@37875b6a
2025-09-14T12:14:24.330+03:00  INFO 3944 --- [Bank_REST] [           main] com.zaxxer.hikari.HikariDataSource       : HikariPool-2 - Start completed.
2025-09-14T12:14:24.340+03:00  INFO 3944 --- [Bank_REST] [           main] org.hibernate.orm.connections.pooling    : HHH10001005: Database info:
	Database JDBC URL [Connecting through datasource 'HikariDataSource (HikariPool-2)']
	Database driver: undefined/unknown
	Database version: 16.4
	Autocommit mode: undefined/unknown
	Isolation level: undefined/unknown
	Minimum pool size: undefined/unknown
	Maximum pool size: undefined/unknown
2025-09-14T12:14:24.391+03:00  INFO 3944 --- [Bank_REST] [           main] o.h.e.t.j.p.i.JtaPlatformInitiator       : HHH000489: No JTA platform available (set 'hibernate.transaction.jta.platform' to enable JTA platform integration)
2025-09-14T12:14:24.391+03:00  INFO 3944 --- [Bank_REST] [           main] j.LocalContainerEntityManagerFactoryBean : Initialized JPA EntityManagerFactory for persistence unit 'default'
2025-09-14T12:14:24.438+03:00  INFO 3944 --- [Bank_REST] [           main] eAuthenticationProviderManagerConfigurer : Global AuthenticationManager configured with AuthenticationProvider bean with name authenticationProvider
2025-09-14T12:14:24.438+03:00  WARN 3944 --- [Bank_REST] [           main] r$InitializeUserDetailsManagerConfigurer : Global AuthenticationManager configured with an AuthenticationProvider bean. UserDetailsService beans will not be used by Spring Security for automatically configuring username/password login. Consider removing the AuthenticationProvider bean. Alternatively, consider using the UserDetailsService in a manually instantiated DaoAuthenticationProvider. If the current configuration is intentional, to turn off this warning, increase the logging level of 'org.springframework.security.config.annotation.authentication.configuration.InitializeUserDetailsBeanManagerConfigurer' to ERROR
2025-09-14T12:14:24.518+03:00  WARN 3944 --- [Bank_REST] [           main] JpaBaseConfiguration$JpaWebConfiguration : spring.jpa.open-in-view is enabled by default. Therefore, database queries may be performed during view rendering. Explicitly configure spring.jpa.open-in-view to disable this warning
2025-09-14T12:14:24.623+03:00  WARN 3944 --- [Bank_REST] [           main] thorizationManagerRequestMatcherRegistry : One of the patterns in [api/auth/**] is missing a leading slash. This is discouraged; please include the leading slash in all your request matcher patterns. In future versions of Spring Security, leaving out the leading slash will result in an exception.
2025-09-14T12:14:24.789+03:00  INFO 3944 --- [Bank_REST] [           main] o.s.b.t.m.w.SpringBootMockServletContext : Initializing Spring TestDispatcherServlet ''
2025-09-14T12:14:24.790+03:00  INFO 3944 --- [Bank_REST] [           main] o.s.t.web.servlet.TestDispatcherServlet  : Initializing Servlet ''
2025-09-14T12:14:24.791+03:00  INFO 3944 --- [Bank_REST] [           main] o.s.t.web.servlet.TestDispatcherServlet  : Completed initialization in 1 ms
2025-09-14T12:14:24.811+03:00  INFO 3944 --- [Bank_REST] [           main] c.e.b.controller.TransferControllerTest  : Started TransferControllerTest in 2.069 seconds (process running for 13.829)
]]></system-out>
  </testcase>
</testsuite>