<?xml version="1.0" encoding="UTF-8"?>
<testsuite xmlns:xsi="http://www.w3.org/2001/XMLSchema-instance" xsi:noNamespaceSchemaLocation="https://maven.apache.org/surefire/maven-surefire-plugin/xsd/surefire-test-report-3.0.xsd" version="3.0" name="com.example.bankcards.service.impl.AuthenticationServiceImplTest" time="1.734" tests="2" errors="0" skipped="0" failures="0">
  <properties>
[...]
</properties>
  <testcase name="testSignIn" classname="com.example.bankcards.service.impl.AuthenticationServiceImplTest" time="0.025">
    <system-out><![CDATA[2025-09-16T16:01:47.041+03:00  INFO 2280 --- [Bank_REST] [           main] t.c.s.AnnotationConfigContextLoaderUtils : Could not detect default configuration classes for test class [com.example.bankcards.service.impl.AuthenticationServiceImplTest]: AuthenticationServiceImplTest does not declare any static, non-private, non-final, nested classes annotated with @Configuration.
2025-09-16T16:01:47.060+03:00  INFO 2280 --- [Bank_REST] [           main] .b.t.c.SpringBootTestContextBootstrapper : Found @SpringBootConfiguration com.example.bankcards.BankApplication for test class com.example.bankcards.service.impl.AuthenticationServiceImplTest

  .   ____          _            __ _ _
 /\\ / ___'_ __ _ _(_)_ __  __ _ \ \ \ \
( ( )\___ | '_ | '_| | '_ \/ _` | \ \ \ \
 \\/  ___)| |_)| | | | | || (_| |  ) ) ) )
  '  |____| .__|_| |_|_| |_\__, | / / / /
 =========|_|==============|___/=/_/_/_/

 :: Spring Boot ::                (v3.5.4)

2025-09-16T16:01:47.093+03:00  INFO 2280 --- [Bank_REST] [           main] c.e.b.s.i.AuthenticationServiceImplTest  : Starting AuthenticationServiceImplTest using Java 17.0.14 with PID 2280 (started by Ришат in C:\Users\Ришат\Desktop\Otus\Тетстовое\Bank_REST)
2025-09-16T16:01:47.093+03:00  INFO 2280 --- [Bank_REST] [           main] c.e.b.s.i.AuthenticationServiceImplTest  : The following 1 profile is active: "dev"
2025-09-16T16:01:47.341+03:00  INFO 2280 --- [Bank_REST] [           main] .s.d.r.c.RepositoryConfigurationDelegate : Bootstrapping Spring Data JPA repositories in DEFAULT mode.
2025-09-16T16:01:47.375+03:00  INFO 2280 --- [Bank_REST] [           main] .s.d.r.c.RepositoryConfigurationDelegate : Finished Spring Data repository scanning in 32 ms. Found 3 JPA repository interfaces.
2025-09-16T16:01:47.599+03:00  INFO 2280 --- [Bank_REST] [           main] liquibase.database                       : Set default schema name to public
2025-09-16T16:01:47.602+03:00  INFO 2280 --- [Bank_REST] [           main] liquibase.ui                             : INFO: The drop-all command may result in unrecoverable destructive changes to objects at 'jdbc:postgresql://localhost:5432/postgres'.
To protect against unwanted drops, set --requireForce=true, which will require a --force=true flag on the command.
Learn more at https://docs.liquibase.com/dropall.

2025-09-16T16:01:47.608+03:00  INFO 2280 --- [Bank_REST] [           main] liquibase.lockservice                    : Successfully acquired change log lock
2025-09-16T16:01:47.608+03:00  INFO 2280 --- [Bank_REST] [           main] liquibase.command                        : Dropping Database Objects in schema: postgres.public
2025-09-16T16:01:47.609+03:00  INFO 2280 --- [Bank_REST] [           main] liquibase.snapshot                       : Creating snapshot
2025-09-16T16:01:48.074+03:00  INFO 2280 --- [Bank_REST] [           main] liquibase.database                       : Successfully deleted all supported object types in schema postgres.public.
2025-09-16T16:01:48.077+03:00  INFO 2280 --- [Bank_REST] [           main] liquibase.snapshot                       : Creating snapshot
2025-09-16T16:01:48.080+03:00  WARN 2280 --- [Bank_REST] [           main] liquibase.lockservice                    : Failed to release change log lock
2025-09-16T16:01:48.082+03:00  INFO 2280 --- [Bank_REST] [           main] liquibase.snapshot                       : Creating snapshot
2025-09-16T16:01:48.084+03:00  INFO 2280 --- [Bank_REST] [           main] liquibase.ui                             : All objects dropped from postgres@jdbc:postgresql://localhost:5432/postgres
2025-09-16T16:01:48.084+03:00  INFO 2280 --- [Bank_REST] [           main] liquibase.command                        : Command execution complete
2025-09-16T16:01:48.089+03:00  INFO 2280 --- [Bank_REST] [           main] liquibase.snapshot                       : Creating snapshot
2025-09-16T16:01:48.106+03:00  INFO 2280 --- [Bank_REST] [           main] liquibase.lockservice                    : Successfully acquired change log lock
2025-09-16T16:01:48.108+03:00  INFO 2280 --- [Bank_REST] [           main] liquibase.changelog                      : Creating database history table with name: public.databasechangelog
2025-09-16T16:01:48.116+03:00  INFO 2280 --- [Bank_REST] [           main] liquibase.command                        : Clearing database change log checksums for database postgresql
2025-09-16T16:01:48.118+03:00  INFO 2280 --- [Bank_REST] [           main] liquibase.lockservice                    : Successfully released change log lock
2025-09-16T16:01:48.119+03:00  INFO 2280 --- [Bank_REST] [           main] liquibase.command                        : Command execution complete
2025-09-16T16:01:48.128+03:00  INFO 2280 --- [Bank_REST] [           main] liquibase.changelog                      : Reading from public.databasechangelog
2025-09-16T16:01:48.148+03:00  INFO 2280 --- [Bank_REST] [           main] liquibase.lockservice                    : Successfully acquired change log lock
2025-09-16T16:01:48.149+03:00  INFO 2280 --- [Bank_REST] [           main] liquibase.command                        : Using deploymentId: 8027697087
2025-09-16T16:01:48.149+03:00  INFO 2280 --- [Bank_REST] [           main] liquibase.changelog                      : Reading from public.databasechangelog
2025-09-16T16:01:48.154+03:00  INFO 2280 --- [Bank_REST] [           main] liquibase.ui                             : Running Changeset: db/migration/createTable/001-create-user.yaml::001-create-users-table::rishat
2025-09-16T16:01:48.156+03:00  INFO 2280 --- [Bank_REST] [           main] liquibase.snapshot                       : Creating snapshot
2025-09-16T16:01:48.180+03:00  INFO 2280 --- [Bank_REST] [           main] liquibase.changelog                      : Table users created
2025-09-16T16:01:48.185+03:00  INFO 2280 --- [Bank_REST] [           main] liquibase.changelog                      : Index idx_users_email created
2025-09-16T16:01:48.190+03:00  INFO 2280 --- [Bank_REST] [           main] liquibase.changelog                      : Index idx_users_username created
2025-09-16T16:01:48.195+03:00  INFO 2280 --- [Bank_REST] [           main] liquibase.changelog                      : Index idx_users_role created
2025-09-16T16:01:48.196+03:00  INFO 2280 --- [Bank_REST] [           main] liquibase.changelog                      : ChangeSet db/migration/createTable/001-create-user.yaml::001-create-users-table::rishat ran successfully in 42ms
2025-09-16T16:01:48.201+03:00  INFO 2280 --- [Bank_REST] [           main] liquibase.ui                             : Running Changeset: db/migration/createTable/002-create-card.yaml::002-create-cards-table::rishat
2025-09-16T16:01:48.202+03:00  INFO 2280 --- [Bank_REST] [           main] liquibase.snapshot                       : Creating snapshot
2025-09-16T16:01:48.223+03:00  INFO 2280 --- [Bank_REST] [           main] liquibase.changelog                      : Table cards created
2025-09-16T16:01:48.229+03:00  INFO 2280 --- [Bank_REST] [           main] liquibase.changelog                      : Foreign key constraint added to cards (user_id)
2025-09-16T16:01:48.235+03:00  INFO 2280 --- [Bank_REST] [           main] liquibase.changelog                      : Index idx_cards_cardNumber created
2025-09-16T16:01:48.240+03:00  INFO 2280 --- [Bank_REST] [           main] liquibase.changelog                      : Index idx_cards_user_id created
2025-09-16T16:01:48.245+03:00  INFO 2280 --- [Bank_REST] [           main] liquibase.changelog                      : Index idx_cards_status created
2025-09-16T16:01:48.250+03:00  INFO 2280 --- [Bank_REST] [           main] liquibase.changelog                      : Index idx_cards_expiryDate created
2025-09-16T16:01:48.251+03:00  INFO 2280 --- [Bank_REST] [           main] liquibase.changelog                      : ChangeSet db/migration/createTable/002-create-card.yaml::002-create-cards-table::rishat ran successfully in 49ms
2025-09-16T16:01:48.254+03:00  INFO 2280 --- [Bank_REST] [           main] liquibase.ui                             : Running Changeset: db/migration/createTable/003-create-cardBlockRequest.yaml::003-create-card-block-request::rishat
2025-09-16T16:01:48.255+03:00  INFO 2280 --- [Bank_REST] [           main] liquibase.snapshot                       : Creating snapshot
2025-09-16T16:01:48.273+03:00  INFO 2280 --- [Bank_REST] [           main] liquibase.changelog                      : Table card_block_request created
2025-09-16T16:01:48.277+03:00  INFO 2280 --- [Bank_REST] [           main] liquibase.changelog                      : Foreign key constraint added to card_block_request (card_id)
2025-09-16T16:01:48.279+03:00  INFO 2280 --- [Bank_REST] [           main] liquibase.changelog                      : Foreign key constraint added to card_block_request (user_id)
2025-09-16T16:01:48.285+03:00  INFO 2280 --- [Bank_REST] [           main] liquibase.changelog                      : Index idx_card_block_request_card_id created
2025-09-16T16:01:48.290+03:00  INFO 2280 --- [Bank_REST] [           main] liquibase.changelog                      : Index idx_card_block_request_user_id created
2025-09-16T16:01:48.291+03:00  INFO 2280 --- [Bank_REST] [           main] liquibase.changelog                      : ChangeSet db/migration/createTable/003-create-cardBlockRequest.yaml::003-create-card-block-request::rishat ran successfully in 37ms
2025-09-16T16:01:48.294+03:00  INFO 2280 --- [Bank_REST] [           main] liquibase.ui                             : Running Changeset: db/migration/fillingData/001-insert-users.yml::insert-users::rishat
2025-09-16T16:01:48.298+03:00  INFO 2280 --- [Bank_REST] [           main] liquibase.changelog                      : New row inserted into users
2025-09-16T16:01:48.299+03:00  INFO 2280 --- [Bank_REST] [           main] liquibase.changelog                      : ChangeSet db/migration/fillingData/001-insert-users.yml::insert-users::rishat ran successfully in 5ms
2025-09-16T16:01:48.301+03:00  INFO 2280 --- [Bank_REST] [           main] liquibase.util                           : UPDATE SUMMARY
2025-09-16T16:01:48.301+03:00  INFO 2280 --- [Bank_REST] [           main] liquibase.util                           : Run:                          4
2025-09-16T16:01:48.301+03:00  INFO 2280 --- [Bank_REST] [           main] liquibase.util                           : Previously run:               0
2025-09-16T16:01:48.301+03:00  INFO 2280 --- [Bank_REST] [           main] liquibase.util                           : Filtered out:                 0
2025-09-16T16:01:48.301+03:00  INFO 2280 --- [Bank_REST] [           main] liquibase.util                           : -------------------------------
2025-09-16T16:01:48.301+03:00  INFO 2280 --- [Bank_REST] [           main] liquibase.util                           : Total change sets:            4
2025-09-16T16:01:48.301+03:00  INFO 2280 --- [Bank_REST] [           main] liquibase.util                           : Update summary generated
2025-09-16T16:01:48.301+03:00  INFO 2280 --- [Bank_REST] [           main] liquibase.command                        : Update command completed successfully.
2025-09-16T16:01:48.301+03:00  INFO 2280 --- [Bank_REST] [           main] liquibase.ui                             : Liquibase: Update has been successful. Rows affected: 5
2025-09-16T16:01:48.303+03:00  INFO 2280 --- [Bank_REST] [           main] liquibase.lockservice                    : Successfully released change log lock
2025-09-16T16:01:48.303+03:00  INFO 2280 --- [Bank_REST] [           main] liquibase.command                        : Command execution complete
2025-09-16T16:01:48.324+03:00  INFO 2280 --- [Bank_REST] [           main] o.hibernate.jpa.internal.util.LogHelper  : HHH000204: Processing PersistenceUnitInfo [name: default]
2025-09-16T16:01:48.328+03:00  INFO 2280 --- [Bank_REST] [           main] o.h.c.internal.RegionFactoryInitiator    : HHH000026: Second-level cache disabled
2025-09-16T16:01:48.338+03:00  INFO 2280 --- [Bank_REST] [           main] o.s.o.j.p.SpringPersistenceUnitInfo      : No LoadTimeWeaver setup: ignoring JPA class transformer
2025-09-16T16:01:48.339+03:00  INFO 2280 --- [Bank_REST] [           main] com.zaxxer.hikari.HikariDataSource       : HikariPool-4 - Starting...
2025-09-16T16:01:48.382+03:00  INFO 2280 --- [Bank_REST] [           main] com.zaxxer.hikari.pool.HikariPool        : HikariPool-4 - Added connection org.postgresql.jdbc.PgConnection@28533a9a
2025-09-16T16:01:48.382+03:00  INFO 2280 --- [Bank_REST] [           main] com.zaxxer.hikari.HikariDataSource       : HikariPool-4 - Start completed.
2025-09-16T16:01:48.393+03:00  INFO 2280 --- [Bank_REST] [           main] org.hibernate.orm.connections.pooling    : HHH10001005: Database info:
	Database JDBC URL [Connecting through datasource 'HikariDataSource (HikariPool-4)']
	Database driver: undefined/unknown
	Database version: 16.4
	Autocommit mode: undefined/unknown
	Isolation level: undefined/unknown
	Minimum pool size: undefined/unknown
	Maximum pool size: undefined/unknown
2025-09-16T16:01:48.435+03:00  INFO 2280 --- [Bank_REST] [           main] o.h.e.t.j.p.i.JtaPlatformInitiator       : HHH000489: No JTA platform available (set 'hibernate.transaction.jta.platform' to enable JTA platform integration)
2025-09-16T16:01:48.435+03:00  INFO 2280 --- [Bank_REST] [           main] j.LocalContainerEntityManagerFactoryBean : Initialized JPA EntityManagerFactory for persistence unit 'default'
2025-09-16T16:01:48.519+03:00  WARN 2280 --- [Bank_REST] [           main] JpaBaseConfiguration$JpaWebConfiguration : spring.jpa.open-in-view is enabled by default. Therefore, database queries may be performed during view rendering. Explicitly configure spring.jpa.open-in-view to disable this warning
2025-09-16T16:01:48.596+03:00  INFO 2280 --- [Bank_REST] [           main] r$InitializeUserDetailsManagerConfigurer : Global AuthenticationManager configured with UserDetailsService bean with name userDetailsServiceImpl
2025-09-16T16:01:48.600+03:00  WARN 2280 --- [Bank_REST] [           main] thorizationManagerRequestMatcherRegistry : One of the patterns in [api/auth/**] is missing a leading slash. This is discouraged; please include the leading slash in all your request matcher patterns. In future versions of Spring Security, leaving out the leading slash will result in an exception.
2025-09-16T16:01:48.737+03:00  INFO 2280 --- [Bank_REST] [           main] c.e.b.s.i.AuthenticationServiceImplTest  : Started AuthenticationServiceImplTest in 1.674 seconds (process running for 18.164)
2025-09-16T16:01:48.751+03:00  INFO 2280 --- [Bank_REST] [           main] c.e.b.s.impl.AuthenticationServiceImpl   : Пользователь (Rishat) успешно авторизован
]]></system-out>
  </testcase>
  <testcase name="testSignUp" classname="com.example.bankcards.service.impl.AuthenticationServiceImplTest" time="0.007">
    <system-out><![CDATA[2025-09-16T16:01:48.771+03:00  INFO 2280 --- [Bank_REST] [           main] c.e.b.s.impl.AuthenticationServiceImpl   : Пользователь (Rishat) успешно зарегистрирован
]]></system-out>
  </testcase>
</testsuite>