<?xml version="1.0" encoding="UTF-8"?>
<testsuite xmlns:xsi="http://www.w3.org/2001/XMLSchema-instance" xsi:noNamespaceSchemaLocation="https://maven.apache.org/surefire/maven-surefire-plugin/xsd/surefire-test-report-3.0.xsd" version="3.0" name="com.example.bankcards.controller.CardControllerTest" time="6.953" tests="8" errors="0" skipped="0" failures="0">
  <properties>
[...]
</properties>
  <testcase name="getMyCards" classname="com.example.bankcards.controller.CardControllerTest" time="0.083">
    <system-out><![CDATA[2025-09-14T12:14:15.781+03:00  INFO 3944 --- [Bank_REST] [           main] t.c.s.AnnotationConfigContextLoaderUtils : Could not detect default configuration classes for test class [com.example.bankcards.controller.CardControllerTest]: CardControllerTest does not declare any static, non-private, non-final, nested classes annotated with @Configuration.
2025-09-14T12:14:15.787+03:00  INFO 3944 --- [Bank_REST] [           main] .b.t.c.SpringBootTestContextBootstrapper : Found @SpringBootConfiguration com.example.bankcards.BankApplication for test class com.example.bankcards.controller.CardControllerTest

  .   ____          _            __ _ _
 /\\ / ___'_ __ _ _(_)_ __  __ _ \ \ \ \
( ( )\___ | '_ | '_| | '_ \/ _` | \ \ \ \
 \\/  ___)| |_)| | | | | || (_| |  ) ) ) )
  '  |____| .__|_| |_|_| |_\__, | / / / /
 =========|_|==============|___/=/_/_/_/

 :: Spring Boot ::                (v3.5.4)

2025-09-14T12:14:15.843+03:00  INFO 3944 --- [Bank_REST] [           main] c.e.b.controller.CardControllerTest      : Starting CardControllerTest using Java 17.0.14 with PID 3944 (started by Ришат in C:\Users\Ришат\Desktop\Otus\Тетстовое\Bank_REST)
2025-09-14T12:14:15.843+03:00  INFO 3944 --- [Bank_REST] [           main] c.e.b.controller.CardControllerTest      : The following 1 profile is active: "dev"
2025-09-14T12:14:16.513+03:00  INFO 3944 --- [Bank_REST] [           main] .s.d.r.c.RepositoryConfigurationDelegate : Bootstrapping Spring Data JPA repositories in DEFAULT mode.
2025-09-14T12:14:16.598+03:00  INFO 3944 --- [Bank_REST] [           main] .s.d.r.c.RepositoryConfigurationDelegate : Finished Spring Data repository scanning in 72 ms. Found 3 JPA repository interfaces.
2025-09-14T12:14:17.398+03:00  INFO 3944 --- [Bank_REST] [           main] liquibase.database                       : Set default schema name to public
2025-09-14T12:14:17.485+03:00  INFO 3944 --- [Bank_REST] [           main] liquibase.ui                             : INFO: The drop-all command may result in unrecoverable destructive changes to objects at 'jdbc:postgresql://localhost:5432/postgres'.
To protect against unwanted drops, set --requireForce=true, which will require a --force=true flag on the command.
Learn more at https://docs.liquibase.com/dropall.

2025-09-14T12:14:17.562+03:00  INFO 3944 --- [Bank_REST] [           main] liquibase.lockservice                    : Successfully acquired change log lock
2025-09-14T12:14:17.569+03:00  INFO 3944 --- [Bank_REST] [           main] liquibase.command                        : Dropping Database Objects in schema: postgres.public
2025-09-14T12:14:17.575+03:00  INFO 3944 --- [Bank_REST] [           main] liquibase.snapshot                       : Creating snapshot
2025-09-14T12:14:18.137+03:00  INFO 3944 --- [Bank_REST] [           main] liquibase.database                       : Successfully deleted all supported object types in schema postgres.public.
2025-09-14T12:14:18.144+03:00  INFO 3944 --- [Bank_REST] [           main] liquibase.snapshot                       : Creating snapshot
2025-09-14T12:14:18.148+03:00  WARN 3944 --- [Bank_REST] [           main] liquibase.lockservice                    : Failed to release change log lock
2025-09-14T12:14:18.151+03:00  INFO 3944 --- [Bank_REST] [           main] liquibase.snapshot                       : Creating snapshot
2025-09-14T12:14:18.154+03:00  INFO 3944 --- [Bank_REST] [           main] liquibase.ui                             : All objects dropped from postgres@jdbc:postgresql://localhost:5432/postgres
2025-09-14T12:14:18.155+03:00  INFO 3944 --- [Bank_REST] [           main] liquibase.command                        : Command execution complete
2025-09-14T12:14:18.824+03:00  INFO 3944 --- [Bank_REST] [           main] liquibase.snapshot                       : Creating snapshot
2025-09-14T12:14:18.847+03:00  INFO 3944 --- [Bank_REST] [           main] liquibase.lockservice                    : Successfully acquired change log lock
2025-09-14T12:14:18.849+03:00  INFO 3944 --- [Bank_REST] [           main] liquibase.changelog                      : Creating database history table with name: public.databasechangelog
2025-09-14T12:14:18.860+03:00  INFO 3944 --- [Bank_REST] [           main] liquibase.command                        : Clearing database change log checksums for database postgresql
2025-09-14T12:14:18.863+03:00  INFO 3944 --- [Bank_REST] [           main] liquibase.lockservice                    : Successfully released change log lock
2025-09-14T12:14:18.864+03:00  INFO 3944 --- [Bank_REST] [           main] liquibase.command                        : Command execution complete
2025-09-14T12:14:19.008+03:00  INFO 3944 --- [Bank_REST] [           main] liquibase.changelog                      : Reading from public.databasechangelog
2025-09-14T12:14:19.132+03:00  INFO 3944 --- [Bank_REST] [           main] liquibase.lockservice                    : Successfully acquired change log lock
2025-09-14T12:14:19.133+03:00  INFO 3944 --- [Bank_REST] [           main] liquibase.command                        : Using deploymentId: 7841257085
2025-09-14T12:14:19.135+03:00  INFO 3944 --- [Bank_REST] [           main] liquibase.changelog                      : Reading from public.databasechangelog
2025-09-14T12:14:19.165+03:00  INFO 3944 --- [Bank_REST] [           main] liquibase.ui                             : Running Changeset: db/migration/createTable/001-create-user.yaml::001-create-users-table::rishat
2025-09-14T12:14:19.193+03:00  INFO 3944 --- [Bank_REST] [           main] liquibase.changelog                      : Table users created
2025-09-14T12:14:19.200+03:00  INFO 3944 --- [Bank_REST] [           main] liquibase.changelog                      : Index idx_users_email created
2025-09-14T12:14:19.206+03:00  INFO 3944 --- [Bank_REST] [           main] liquibase.changelog                      : Index idx_users_username created
2025-09-14T12:14:19.213+03:00  INFO 3944 --- [Bank_REST] [           main] liquibase.changelog                      : Index idx_users_role created
2025-09-14T12:14:19.214+03:00  INFO 3944 --- [Bank_REST] [           main] liquibase.changelog                      : ChangeSet db/migration/createTable/001-create-user.yaml::001-create-users-table::rishat ran successfully in 46ms
2025-09-14T12:14:19.222+03:00  INFO 3944 --- [Bank_REST] [           main] liquibase.ui                             : Running Changeset: db/migration/createTable/002-create-card.yaml::002-create-cards-table::rishat
2025-09-14T12:14:19.241+03:00  INFO 3944 --- [Bank_REST] [           main] liquibase.changelog                      : Table cards created
2025-09-14T12:14:19.248+03:00  INFO 3944 --- [Bank_REST] [           main] liquibase.changelog                      : Foreign key constraint added to cards (user_id)
2025-09-14T12:14:19.253+03:00  INFO 3944 --- [Bank_REST] [           main] liquibase.changelog                      : Index idx_cards_cardNumber created
2025-09-14T12:14:19.259+03:00  INFO 3944 --- [Bank_REST] [           main] liquibase.changelog                      : Index idx_cards_user_id created
2025-09-14T12:14:19.265+03:00  INFO 3944 --- [Bank_REST] [           main] liquibase.changelog                      : Index idx_cards_status created
2025-09-14T12:14:19.271+03:00  INFO 3944 --- [Bank_REST] [           main] liquibase.changelog                      : Index idx_cards_expiryDate created
2025-09-14T12:14:19.273+03:00  INFO 3944 --- [Bank_REST] [           main] liquibase.changelog                      : ChangeSet db/migration/createTable/002-create-card.yaml::002-create-cards-table::rishat ran successfully in 49ms
2025-09-14T12:14:19.280+03:00  INFO 3944 --- [Bank_REST] [           main] liquibase.ui                             : Running Changeset: db/migration/createTable/003-create-cardBlockRequest.yaml::003-create-card-block-request::rishat
2025-09-14T12:14:19.295+03:00  INFO 3944 --- [Bank_REST] [           main] liquibase.changelog                      : Table card_block_request created
2025-09-14T12:14:19.301+03:00  INFO 3944 --- [Bank_REST] [           main] liquibase.changelog                      : Foreign key constraint added to card_block_request (card_id)
2025-09-14T12:14:19.303+03:00  INFO 3944 --- [Bank_REST] [           main] liquibase.changelog                      : Foreign key constraint added to card_block_request (user_id)
2025-09-14T12:14:19.307+03:00  INFO 3944 --- [Bank_REST] [           main] liquibase.changelog                      : Index idx_card_block_request_card_id created
2025-09-14T12:14:19.309+03:00  INFO 3944 --- [Bank_REST] [           main] liquibase.changelog                      : ChangeSet db/migration/createTable/003-create-cardBlockRequest.yaml::003-create-card-block-request::rishat ran successfully in 29ms
2025-09-14T12:14:19.313+03:00  INFO 3944 --- [Bank_REST] [           main] liquibase.ui                             : Running Changeset: db/migration/fillingData/001-insert-users.yml::insert-users::rishat
2025-09-14T12:14:19.317+03:00  INFO 3944 --- [Bank_REST] [           main] liquibase.changelog                      : New row inserted into users
2025-09-14T12:14:19.318+03:00  INFO 3944 --- [Bank_REST] [           main] liquibase.changelog                      : ChangeSet db/migration/fillingData/001-insert-users.yml::insert-users::rishat ran successfully in 5ms
2025-09-14T12:14:19.325+03:00  INFO 3944 --- [Bank_REST] [           main] liquibase.util                           : UPDATE SUMMARY
2025-09-14T12:14:19.326+03:00  INFO 3944 --- [Bank_REST] [           main] liquibase.util                           : Run:                          4
2025-09-14T12:14:19.326+03:00  INFO 3944 --- [Bank_REST] [           main] liquibase.util                           : Previously run:               0
2025-09-14T12:14:19.326+03:00  INFO 3944 --- [Bank_REST] [           main] liquibase.util                           : Filtered out:                 0
2025-09-14T12:14:19.326+03:00  INFO 3944 --- [Bank_REST] [           main] liquibase.util                           : -------------------------------
2025-09-14T12:14:19.326+03:00  INFO 3944 --- [Bank_REST] [           main] liquibase.util                           : Total change sets:            4
2025-09-14T12:14:19.327+03:00  INFO 3944 --- [Bank_REST] [           main] liquibase.util                           : Update summary generated
2025-09-14T12:14:19.330+03:00  INFO 3944 --- [Bank_REST] [           main] liquibase.command                        : Update command completed successfully.
2025-09-14T12:14:19.330+03:00  INFO 3944 --- [Bank_REST] [           main] liquibase.ui                             : Liquibase: Update has been successful. Rows affected: 5
2025-09-14T12:14:19.332+03:00  INFO 3944 --- [Bank_REST] [           main] liquibase.lockservice                    : Successfully released change log lock
2025-09-14T12:14:19.333+03:00  INFO 3944 --- [Bank_REST] [           main] liquibase.command                        : Command execution complete
2025-09-14T12:14:19.430+03:00  INFO 3944 --- [Bank_REST] [           main] o.hibernate.jpa.internal.util.LogHelper  : HHH000204: Processing PersistenceUnitInfo [name: default]
2025-09-14T12:14:19.507+03:00  INFO 3944 --- [Bank_REST] [           main] org.hibernate.Version                    : HHH000412: Hibernate ORM core version 6.6.22.Final
2025-09-14T12:14:19.552+03:00  INFO 3944 --- [Bank_REST] [           main] o.h.c.internal.RegionFactoryInitiator    : HHH000026: Second-level cache disabled
2025-09-14T12:14:19.698+03:00  INFO 3944 --- [Bank_REST] [           main] o.s.o.j.p.SpringPersistenceUnitInfo      : No LoadTimeWeaver setup: ignoring JPA class transformer
2025-09-14T12:14:19.738+03:00  INFO 3944 --- [Bank_REST] [           main] com.zaxxer.hikari.HikariDataSource       : HikariPool-1 - Starting...
2025-09-14T12:14:19.789+03:00  INFO 3944 --- [Bank_REST] [           main] com.zaxxer.hikari.pool.HikariPool        : HikariPool-1 - Added connection org.postgresql.jdbc.PgConnection@272d0dd3
2025-09-14T12:14:19.790+03:00  INFO 3944 --- [Bank_REST] [           main] com.zaxxer.hikari.HikariDataSource       : HikariPool-1 - Start completed.
2025-09-14T12:14:19.865+03:00  INFO 3944 --- [Bank_REST] [           main] org.hibernate.orm.connections.pooling    : HHH10001005: Database info:
	Database JDBC URL [Connecting through datasource 'HikariDataSource (HikariPool-1)']
	Database driver: undefined/unknown
	Database version: 16.4
	Autocommit mode: undefined/unknown
	Isolation level: undefined/unknown
	Minimum pool size: undefined/unknown
	Maximum pool size: undefined/unknown
2025-09-14T12:14:20.815+03:00  INFO 3944 --- [Bank_REST] [           main] o.h.e.t.j.p.i.JtaPlatformInitiator       : HHH000489: No JTA platform available (set 'hibernate.transaction.jta.platform' to enable JTA platform integration)
2025-09-14T12:14:20.818+03:00  INFO 3944 --- [Bank_REST] [           main] j.LocalContainerEntityManagerFactoryBean : Initialized JPA EntityManagerFactory for persistence unit 'default'
2025-09-14T12:14:21.252+03:00  INFO 3944 --- [Bank_REST] [           main] eAuthenticationProviderManagerConfigurer : Global AuthenticationManager configured with AuthenticationProvider bean with name authenticationProvider
2025-09-14T12:14:21.252+03:00  WARN 3944 --- [Bank_REST] [           main] r$InitializeUserDetailsManagerConfigurer : Global AuthenticationManager configured with an AuthenticationProvider bean. UserDetailsService beans will not be used by Spring Security for automatically configuring username/password login. Consider removing the AuthenticationProvider bean. Alternatively, consider using the UserDetailsService in a manually instantiated DaoAuthenticationProvider. If the current configuration is intentional, to turn off this warning, increase the logging level of 'org.springframework.security.config.annotation.authentication.configuration.InitializeUserDetailsBeanManagerConfigurer' to ERROR
2025-09-14T12:14:21.307+03:00  INFO 3944 --- [Bank_REST] [           main] o.s.d.j.r.query.QueryEnhancerFactory     : Hibernate is in classpath; If applicable, HQL parser will be used.
2025-09-14T12:14:21.966+03:00  WARN 3944 --- [Bank_REST] [           main] JpaBaseConfiguration$JpaWebConfiguration : spring.jpa.open-in-view is enabled by default. Therefore, database queries may be performed during view rendering. Explicitly configure spring.jpa.open-in-view to disable this warning
2025-09-14T12:14:22.122+03:00  WARN 3944 --- [Bank_REST] [           main] thorizationManagerRequestMatcherRegistry : One of the patterns in [api/auth/**] is missing a leading slash. This is discouraged; please include the leading slash in all your request matcher patterns. In future versions of Spring Security, leaving out the leading slash will result in an exception.
2025-09-14T12:14:22.514+03:00  INFO 3944 --- [Bank_REST] [           main] o.s.b.t.m.w.SpringBootMockServletContext : Initializing Spring TestDispatcherServlet ''
2025-09-14T12:14:22.514+03:00  INFO 3944 --- [Bank_REST] [           main] o.s.t.web.servlet.TestDispatcherServlet  : Initializing Servlet ''
2025-09-14T12:14:22.515+03:00  INFO 3944 --- [Bank_REST] [           main] o.s.t.web.servlet.TestDispatcherServlet  : Completed initialization in 1 ms
2025-09-14T12:14:22.534+03:00  INFO 3944 --- [Bank_REST] [           main] c.e.b.controller.CardControllerTest      : Started CardControllerTest in 6.739 seconds (process running for 11.552)
]]></system-out>
  </testcase>
  <testcase name="activateCard" classname="com.example.bankcards.controller.CardControllerTest" time="0.012"/>
  <testcase name="blockCardAsUser" classname="com.example.bankcards.controller.CardControllerTest" time="0.015"/>
  <testcase name="getAllCards" classname="com.example.bankcards.controller.CardControllerTest" time="0.01"/>
  <testcase name="blockCardAsAdmin" classname="com.example.bankcards.controller.CardControllerTest" time="0.009"/>
  <testcase name="getBalance" classname="com.example.bankcards.controller.CardControllerTest" time="0.017"/>
  <testcase name="createCard" classname="com.example.bankcards.controller.CardControllerTest" time="0.031"/>
  <testcase name="deleteCard" classname="com.example.bankcards.controller.CardControllerTest" time="0.009"/>
</testsuite>