<?xml version="1.0" encoding="UTF-8"?>
<testsuite xmlns:xsi="http://www.w3.org/2001/XMLSchema-instance" xsi:noNamespaceSchemaLocation="https://maven.apache.org/surefire/maven-surefire-plugin/xsd/surefire-test-report-3.0.xsd" version="3.0" name="com.example.bankcards.controller.AuthControllerTest" time="3.975" tests="2" errors="0" skipped="0" failures="0">
  <properties>
[...]
</properties>
  <testcase name="signUp" classname="com.example.bankcards.controller.AuthControllerTest" time="0.352">
    <system-out><![CDATA[12:14:11.981 [main] INFO org.springframework.test.context.support.AnnotationConfigContextLoaderUtils -- Could not detect default configuration classes for test class [com.example.bankcards.controller.AuthControllerTest]: AuthControllerTest does not declare any static, non-private, non-final, nested classes annotated with @Configuration.
12:14:12.226 [main] INFO org.springframework.boot.test.context.SpringBootTestContextBootstrapper -- Found @SpringBootConfiguration com.example.bankcards.BankApplication for test class com.example.bankcards.controller.AuthControllerTest

  .   ____          _            __ _ _
 /\\ / ___'_ __ _ _(_)_ __  __ _ \ \ \ \
( ( )\___ | '_ | '_| | '_ \/ _` | \ \ \ \
 \\/  ___)| |_)| | | | | || (_| |  ) ) ) )
  '  |____| .__|_| |_|_| |_\__, | / / / /
 =========|_|==============|___/=/_/_/_/

 :: Spring Boot ::                (v3.5.4)

2025-09-14T12:14:12.767+03:00  INFO 3944 --- [Bank_REST] [           main] c.e.b.controller.AuthControllerTest      : Starting AuthControllerTest using Java 17.0.14 with PID 3944 (started by Ришат in C:\Users\Ришат\Desktop\Otus\Тетстовое\Bank_REST)
2025-09-14T12:14:12.768+03:00  INFO 3944 --- [Bank_REST] [           main] c.e.b.controller.AuthControllerTest      : The following 1 profile is active: "dev"
2025-09-14T12:14:15.154+03:00  WARN 3944 --- [Bank_REST] [           main] .s.s.UserDetailsServiceAutoConfiguration : 

Using generated security password: 926166f9-616a-4644-92e9-9b394e2effe2

This generated password is for development use only. Your security configuration must be updated before running your application in production.

2025-09-14T12:14:15.162+03:00  INFO 3944 --- [Bank_REST] [           main] r$InitializeUserDetailsManagerConfigurer : Global AuthenticationManager configured with UserDetailsService bean with name inMemoryUserDetailsManager
2025-09-14T12:14:15.331+03:00  INFO 3944 --- [Bank_REST] [           main] o.s.b.t.m.w.SpringBootMockServletContext : Initializing Spring TestDispatcherServlet ''
2025-09-14T12:14:15.332+03:00  INFO 3944 --- [Bank_REST] [           main] o.s.t.web.servlet.TestDispatcherServlet  : Initializing Servlet ''
2025-09-14T12:14:15.334+03:00  INFO 3944 --- [Bank_REST] [           main] o.s.t.web.servlet.TestDispatcherServlet  : Completed initialization in 2 ms
2025-09-14T12:14:15.365+03:00  INFO 3944 --- [Bank_REST] [           main] c.e.b.controller.AuthControllerTest      : Started AuthControllerTest in 3.063 seconds (process running for 4.383)
]]></system-out>
  </testcase>
  <testcase name="singIn" classname="com.example.bankcards.controller.AuthControllerTest" time="0.034"/>
</testsuite>